Apr 6, 2014 7:01:25 PM com.gamelib.helpers.LogHelper createLog
INFO: Account successfully created. 

Apr 6, 2014 7:02:02 PM com.gamelib.helpers.LogHelper createLog
INFO: Account successfully created. 

Apr 6, 2014 7:07:43 PM com.gamelib.helpers.LogHelper createLog
INFO: Account successfully created. 

Apr 6, 2014 7:07:48 PM com.gamelib.helpers.LogHelper createLog
INFO: Account successfully created. 

Apr 6, 2014 7:29:14 PM com.gamelib.helpers.LogHelper createLog
INFO: Account successfully created. 

Apr 7, 2014 12:00:24 AM com.gamelib.helpers.LogHelper createLog
INFO: Account successfully created. 

Apr 7, 2014 12:03:03 AM com.gamelib.helpers.LogHelper createLog
INFO: Account successfully created. 

Apr 7, 2014 12:05:56 AM com.gamelib.helpers.LogHelper createLog
INFO: Account successfully created. 

Apr 7, 2014 12:11:56 AM com.gamelib.helpers.LogHelper createLog
INFO: Account successfully created. 

Apr 7, 2014 5:00:05 AM com.gamelib.helpers.LogHelper createLog
INFO: Account successfully created. 

Apr 10, 2014 6:44:22 PM com.gamelib.helpers.LogHelper createLog
INFO: Account successfully created. 

Apr 10, 2014 6:50:16 PM com.gamelib.helpers.LogHelper createLog
INFO: Account successfully created. 

Apr 10, 2014 6:51:46 PM com.gamelib.helpers.LogHelper createLog
INFO: Account successfully created. 

Apr 10, 2014 6:59:16 PM com.gamelib.helpers.LogHelper createLog
INFO: Account successfully created. 

Apr 10, 2014 7:08:51 PM com.gamelib.helpers.LogHelper createLog
INFO: Account successfully created. 

Apr 10, 2014 7:09:24 PM com.gamelib.helpers.LogHelper createLog
INFO: Account successfully created. 

Apr 10, 2014 7:20:04 PM com.gamelib.helpers.LogHelper createLog
INFO: Account successfully created. 

Apr 10, 2014 7:23:50 PM com.gamelib.helpers.LogHelper createLog
INFO: Account successfully created. 

Apr 10, 2014 7:25:29 PM com.gamelib.helpers.LogHelper createLog
INFO: Account successfully created. 

Apr 10, 2014 7:29:24 PM com.gamelib.helpers.LogHelper createLog
INFO: Account successfully created. 

Apr 10, 2014 7:30:11 PM com.gamelib.helpers.LogHelper createLog
INFO: Account successfully created. 

Apr 10, 2014 7:31:09 PM com.gamelib.helpers.LogHelper createLog
INFO: Account successfully created. 

Apr 10, 2014 7:32:53 PM com.gamelib.helpers.LogHelper createLog
INFO: Account successfully created. 

Apr 10, 2014 7:33:56 PM com.gamelib.helpers.LogHelper createLog
INFO: Account successfully created. 

Apr 10, 2014 7:34:02 PM com.gamelib.helpers.LogHelper createLog
INFO: Account successfully created. 

Apr 10, 2014 7:38:35 PM com.gamelib.helpers.LogHelper createLog
INFO: Account successfully created. 

Apr 10, 2014 7:38:59 PM com.gamelib.helpers.LogHelper createLog
INFO: Account successfully created. 

Apr 10, 2014 7:42:03 PM com.gamelib.helpers.LogHelper createLog
INFO: Account successfully created. 

Apr 10, 2014 7:44:19 PM com.gamelib.helpers.LogHelper createLog
INFO: Account successfully created. 

Apr 10, 2014 7:47:46 PM com.gamelib.helpers.LogHelper createLog
INFO: Account successfully created. 

Apr 10, 2014 7:48:08 PM com.gamelib.helpers.LogHelper createLog
INFO: Account successfully created. 

Apr 10, 2014 7:48:38 PM com.gamelib.helpers.LogHelper createLog
INFO: Account successfully created. 

Apr 10, 2014 8:13:30 PM com.gamelib.helpers.LogHelper createLog
INFO: Account successfully created. 

Apr 10, 2014 8:14:10 PM com.gamelib.helpers.LogHelper createLog
INFO: Account successfully created. 

Apr 11, 2014 2:23:23 AM com.gamelib.helpers.LogHelper createLog
INFO: Account successfully created. 

Apr 12, 2014 4:12:37 AM com.gamelib.helpers.LogHelper createLog
INFO: Account successfully created. 

