Apr 7, 2014 5:25:00 AM com.gamelib.helpers.LogHelper createLog
INFO: Account successfully created. 

Apr 7, 2014 5:25:35 AM com.gamelib.helpers.LogHelper createLog
INFO: Account successfully created. 

Apr 7, 2014 5:26:28 AM com.gamelib.helpers.LogHelper createLog
INFO: Account successfully created. 

Apr 7, 2014 5:29:57 AM com.gamelib.helpers.LogHelper createLog
INFO: Account successfully created. 

Apr 7, 2014 5:30:13 AM com.gamelib.helpers.LogHelper createLog
INFO: Sign in successfully

Apr 7, 2014 5:30:15 AM com.gamelib.helpers.LogHelper createLog
INFO: Already Sign In

Apr 7, 2014 5:30:17 AM com.gamelib.helpers.LogHelper createLog
INFO: Already Sign In

Apr 7, 2014 5:30:19 AM com.gamelib.helpers.LogHelper createLog
INFO: Already Sign In

Apr 7, 2014 5:30:21 AM com.gamelib.helpers.LogHelper createLog
INFO: Already Sign In

Apr 7, 2014 5:30:23 AM com.gamelib.helpers.LogHelper createLog
INFO: Sign Out successfully

Apr 7, 2014 5:30:25 AM com.gamelib.helpers.LogHelper createLog
INFO: Already Sign Out

Apr 7, 2014 5:30:27 AM com.gamelib.helpers.LogHelper createLog
INFO: Already Sign Out

Apr 7, 2014 5:30:29 AM com.gamelib.helpers.LogHelper createLog
INFO: Already Sign Out

Apr 7, 2014 5:30:31 AM com.gamelib.helpers.LogHelper createLog
INFO: Already Sign Out

Apr 7, 2014 5:30:33 AM com.gamelib.helpers.LogHelper createLog
INFO: Account suspended with username : meetmeet

Apr 7, 2014 5:30:45 AM com.gamelib.helpers.LogHelper createLog
INFO: Account successfully created. 

Apr 7, 2014 5:31:05 AM com.gamelib.helpers.LogHelper createLog
INFO: Account suspended with username : meetmeet

Apr 7, 2014 5:31:09 AM com.gamelib.helpers.LogHelper createLog
INFO: Account successfully created. 

Apr 07, 2014 7:28:10 PM com.gamelib.helpers.LogHelper createLog
INFO: Account successfully created. 

Apr 07, 2014 7:29:06 PM com.gamelib.helpers.LogHelper createLog
INFO: Account successfully created. 

Apr 07, 2014 7:29:23 PM com.gamelib.helpers.LogHelper createLog
INFO: Account successfully created. 

Apr 07, 2014 7:29:35 PM com.gamelib.helpers.LogHelper createLog
INFO: Sign in successfully

Apr 07, 2014 7:29:39 PM com.gamelib.helpers.LogHelper createLog
INFO: Already Sign In

Apr 07, 2014 7:29:42 PM com.gamelib.helpers.LogHelper createLog
INFO: Already Sign In

Apr 07, 2014 7:29:44 PM com.gamelib.helpers.LogHelper createLog
INFO: Already Sign In

Apr 07, 2014 7:29:46 PM com.gamelib.helpers.LogHelper createLog
INFO: Already Sign In

Apr 07, 2014 7:30:04 PM com.gamelib.helpers.LogHelper createLog
INFO: Sign Out successfully

Apr 07, 2014 7:30:07 PM com.gamelib.helpers.LogHelper createLog
INFO: Already Sign Out

Apr 07, 2014 7:30:09 PM com.gamelib.helpers.LogHelper createLog
INFO: Already Sign Out

Apr 07, 2014 7:30:13 PM com.gamelib.helpers.LogHelper createLog
INFO: Already Sign Out

Apr 07, 2014 7:30:21 PM com.gamelib.helpers.LogHelper createLog
INFO: Account suspended with username : meetmeet

Apr 07, 2014 7:31:24 PM com.gamelib.helpers.LogHelper createLog
INFO: Account successfully created. 

Apr 07, 2014 7:31:32 PM com.gamelib.helpers.LogHelper createLog
INFO: Account suspended with username : meetmeet

Apr 07, 2014 7:31:32 PM com.gamelib.helpers.LogHelper createLog
INFO: account transferred to EU ( 93.1.1.1 ) with username : meetmeet

Apr 11, 2014 2:24:21 AM com.gamelib.helpers.LogHelper createLog
INFO: Account successfully created. 

Apr 11, 2014 2:24:33 AM com.gamelib.helpers.LogHelper createLog
INFO: Account successfully created. 

Apr 11, 2014 2:25:42 AM com.gamelib.helpers.LogHelper createLog
INFO: Account successfully created. 

Apr 11, 2014 2:29:31 AM com.gamelib.helpers.LogHelper createLog
INFO: Account successfully created. 

Apr 11, 2014 2:33:49 AM com.gamelib.helpers.LogHelper createLog
INFO: Account successfully created. 

Apr 11, 2014 2:34:24 AM com.gamelib.helpers.LogHelper createLog
INFO: Sign in successfully

Apr 11, 2014 2:34:40 AM com.gamelib.helpers.LogHelper createLog
INFO: Already Sign In

Apr 11, 2014 6:52:25 PM com.gamelib.helpers.LogHelper createLog
INFO: Account successfully created. 

Apr 12, 2014 1:11:07 AM com.gamelib.helpers.LogHelper createLog
INFO: Account successfully created. 

