Apr 11, 2014 6:46:05 PM com.gamelib.helpers.LogHelper createLog
INFO: Account successfully created. 

Apr 11, 2014 6:49:05 PM com.gamelib.helpers.LogHelper createLog
INFO: Account successfully created. 

Apr 11, 2014 7:20:24 PM com.gamelib.helpers.LogHelper createLog
INFO: Account successfully created. 

Apr 11, 2014 7:20:46 PM com.gamelib.helpers.LogHelper createLog
INFO: Sign in successfully

Apr 11, 2014 7:24:09 PM com.gamelib.helpers.LogHelper createLog
INFO: Account successfully created. 

Apr 11, 2014 7:25:11 PM com.gamelib.helpers.LogHelper createLog
INFO: Sign in successfully

Apr 11, 2014 7:25:34 PM com.gamelib.helpers.LogHelper createLog
INFO: Sign Out successfully

Apr 11, 2014 7:26:07 PM com.gamelib.helpers.LogHelper createLog
INFO: Account suspended with username : soyoung

Apr 11, 2014 7:49:14 PM com.gamelib.helpers.LogHelper createLog
INFO: Account successfully created. 

Apr 11, 2014 7:50:02 PM com.gamelib.helpers.LogHelper createLog
INFO: Account suspended with username : soyoung

Apr 11, 2014 7:50:02 PM com.gamelib.helpers.LogHelper createLog
INFO: account transferred to EU ( 93.74.79.3 ) with username : soyoung

Apr 11, 2014 7:50:29 PM com.gamelib.helpers.LogHelper createLog
INFO: Account successfully created. 

Apr 11, 2014 9:03:45 PM com.gamelib.helpers.LogHelper createLog
INFO: Account successfully created. 

Apr 11, 2014 9:04:01 PM com.gamelib.helpers.LogHelper createLog
INFO: Sign in successfully

Apr 12, 2014 2:04:22 AM com.gamelib.helpers.LogHelper createLog
INFO: Account successfully created. 

Apr 12, 2014 2:04:40 AM com.gamelib.helpers.LogHelper createLog
INFO: Sign in successfully

Apr 12, 2014 2:05:02 AM com.gamelib.helpers.LogHelper createLog
INFO: Already Sign In

Apr 12, 2014 2:12:41 AM com.gamelib.helpers.LogHelper createLog
INFO: Account successfully created. 

Apr 12, 2014 2:14:57 AM com.gamelib.helpers.LogHelper createLog
INFO: Account successfully created. 

Apr 12, 2014 2:15:10 AM com.gamelib.helpers.LogHelper createLog
INFO: Sign in successfully

Apr 12, 2014 2:20:20 AM com.gamelib.helpers.LogHelper createLog
INFO: Account successfully created. 

Apr 12, 2014 4:22:20 AM com.gamelib.helpers.LogHelper createLog
INFO: Account successfully created. 

Apr 12, 2014 4:22:36 AM com.gamelib.helpers.LogHelper createLog
INFO: Sign in successfully

Apr 12, 2014 4:22:58 AM com.gamelib.helpers.LogHelper createLog
INFO: Sign Out successfully

Apr 12, 2014 4:24:06 AM com.gamelib.helpers.LogHelper createLog
INFO: Account suspended with username : soyoung

Apr 12, 2014 4:24:51 AM com.gamelib.helpers.LogHelper createLog
INFO: Account successfully created. 

Apr 12, 2014 4:25:20 AM com.gamelib.helpers.LogHelper createLog
INFO: Account suspended with username : soyoung

Apr 12, 2014 4:25:20 AM com.gamelib.helpers.LogHelper createLog
INFO: account transferred to EU ( 93.54.126.6 ) with username : soyoung

Apr 12, 2014 4:36:25 AM com.gamelib.helpers.LogHelper createLog
INFO: Account successfully created. 

Apr 12, 2014 4:36:41 AM com.gamelib.helpers.LogHelper createLog
INFO: Sign in successfully

Apr 12, 2014 4:37:03 AM com.gamelib.helpers.LogHelper createLog
INFO: Sign Out successfully

Apr 12, 2014 4:37:24 AM com.gamelib.helpers.LogHelper createLog
INFO: Account suspended with username : soyoung

Apr 12, 2014 4:37:24 AM com.gamelib.helpers.LogHelper createLog
INFO: account transferred to EU ( 93.157.206.19 ) with username : soyoung

Apr 12, 2014 11:59:34 PM com.gamelib.helpers.LogHelper createLog
INFO: Account successfully created. 

Apr 13, 2014 12:00:07 AM com.gamelib.helpers.LogHelper createLog
INFO: Sign in successfully

Apr 13, 2014 12:00:40 AM com.gamelib.helpers.LogHelper createLog
INFO: Sign Out successfully

Apr 13, 2014 12:01:36 AM com.gamelib.helpers.LogHelper createLog
INFO: Account suspended with username : soyoung

Apr 13, 2014 12:01:36 AM com.gamelib.helpers.LogHelper createLog
INFO: account transferred to AS ( 182.63.170.3 ) with username : soyoung

Apr 13, 2014 12:05:47 AM com.gamelib.helpers.LogHelper createLog
INFO: Account successfully created. 

Apr 13, 2014 12:33:14 AM com.gamelib.helpers.LogHelper createLog
INFO: Account successfully created. 

Apr 13, 2014 1:22:59 AM com.gamelib.helpers.LogHelper createLog
INFO: Account successfully created. 

Apr 13, 2014 1:23:59 AM com.gamelib.helpers.LogHelper createLog
INFO: Sign in successfully

